<?xml version="1.0" encoding="UTF-8"?>
<testsuite xmlns:xsi="http://www.w3.org/2001/XMLSchema-instance" xsi:noNamespaceSchemaLocation="https://maven.apache.org/surefire/maven-surefire-plugin/xsd/surefire-test-report.xsd" name="ua.lviv.iot.textparser.processors.StringProcessorTest" time="0.205" tests="4" errors="0" skipped="0" failures="0">
  <properties>
[...]
</properties>
  <testcase name="littlePony" classname="ua.lviv.iot.textparser.processors.StringProcessorTest" time="0.001"/>
  <testcase name="allStay" classname="ua.lviv.iot.textparser.processors.StringProcessorTest" time="0"/>
  <testcase name="allDelete" classname="ua.lviv.iot.textparser.processors.StringProcessorTest" time="0"/>
  <testcase name="processText" classname="ua.lviv.iot.textparser.processors.StringProcessorTest" time="0"/>
</testsuite>